{"D:\\PortafolioPractica\\daily-coding-challenge\\changelles\\01.spec\\index.js": {"path":"D:\\PortafolioPractica\\daily-coding-challenge\\changelles\\01.spec\\index.js","statementMap":{"0":{"start":{"line":1,"column":17},"end":{"line":10,"column":1}},"1":{"start":{"line":2,"column":16},"end":{"line":2,"column":21}},"2":{"start":{"line":4,"column":2},"end":{"line":7,"column":4}},"3":{"start":{"line":5,"column":21},"end":{"line":5,"column":34}},"4":{"start":{"line":6,"column":4},"end":{"line":6,"column":59}},"5":{"start":{"line":6,"column":45},"end":{"line":6,"column":59}},"6":{"start":{"line":9,"column":2},"end":{"line":9,"column":16}},"7":{"start":{"line":12,"column":0},"end":{"line":12,"column":25}}},"fnMap":{"0":{"name":"(anonymous_0)","decl":{"start":{"line":1,"column":17},"end":{"line":1,"column":18}},"loc":{"start":{"line":1,"column":36},"end":{"line":10,"column":1}},"line":1},"1":{"name":"(anonymous_1)","decl":{"start":{"line":4,"column":16},"end":{"line":4,"column":17}},"loc":{"start":{"line":4,"column":33},"end":{"line":7,"column":3}},"line":4}},"branchMap":{"0":{"loc":{"start":{"line":6,"column":4},"end":{"line":6,"column":59}},"type":"if","locations":[{"start":{"line":6,"column":4},"end":{"line":6,"column":59}},{"start":{},"end":{}}],"line":6}},"s":{"0":1,"1":3,"2":3,"3":12,"4":12,"5":2,"6":3,"7":1},"f":{"0":3,"1":12},"b":{"0":[2,10]},"_coverageSchema":"1a1c01bbd47fc00a2c39e90264f33305004495a9","hash":"7701a6ec2ce47426146f280c620b9e3910148783"}
}
